<?xml version="1.0" encoding="UTF-8"?>
<Site BuildName="Win32-mingw32-make"
	BuildStamp="20250517-1916-Experimental"
	Name="DESKTOP-BKM39S6"
	Generator="ctest-4.0.2"
	CompilerName="C:/MinGW/bin/g++.exe"
	CompilerVersion="6.3.0"
	OSName="Windows"
	Hostname="DESKTOP-BKM39S6"
	OSRelease=" Professional"
	OSVersion=" (Build 26100)"
	OSPlatform="AMD64"
	Is64Bits="1"
	VendorString="GenuineIntel"
	VendorID="Intel Corporation"
	FamilyID="6"
	ModelID="10"
	ModelName=""
	ProcessorCacheSize="-1"
	NumberOfLogicalCPU="20"
	NumberOfPhysicalCPU="14"
	TotalVirtualMemory="26291"
	TotalPhysicalMemory="16051"
	LogicalProcessorsPerPhysical="1"
	ProcessorClockFrequency="2688"
	>
	<Testing>
		<StartDateTime>May 18 18:05 SE Asia Standard Time</StartDateTime>
		<StartTestTime>1747566310</StartTestTime>
		<TestList/>
		<EndDateTime>May 18 18:05 SE Asia Standard Time</EndDateTime>
		<EndTestTime>1747566310</EndTestTime>
		<ElapsedMinutes>0</ElapsedMinutes>
	</Testing>
</Site>
